Settings:
  Output files: "/home/bioinfo/ShaliniR/pipeline/out_dir/sample1/tmp/segment_juncs.*.bt2"
  Line rate: 6 (line is 64 bytes)
  Lines per side: 1 (side is 64 bytes)
  Offset rate: 4 (one in 16)
  FTable chars: 10
  Strings: unpacked
  Max bucket size: default
  Max bucket size, sqrt multiplier: default
  Max bucket size, len divisor: 4
  Difference-cover sample period: 1024
  Endianness: little
  Actual local endianness: little
  Sanity checking: disabled
  Assertions: disabled
  Random seed: 0
  Sizeofs: void*:8, int:4, long:8, size_t:8
Input files DNA, FASTA:
  /home/bioinfo/ShaliniR/pipeline/out_dir/sample1/tmp/segment_juncs.fa
Reading reference sizes
  Time reading reference sizes: 00:00:00
Calculating joined length
Writing header
Reserving space for joined string
Joining reference sequences
  Time to join reference sequences: 00:00:01
bmax according to bmaxDivN setting: 2681510
Using parameters --bmax 2011133 --dcv 1024
  Doing ahead-of-time memory usage test
  Passed!  Constructing with these parameters: --bmax 2011133 --dcv 1024
Constructing suffix-array element generator
Building DifferenceCoverSample
  Building sPrime
  Building sPrimeOrder
  V-Sorting samples
  V-Sorting samples time: 00:00:00
  Allocating rank array
  Ranking v-sort output
  Ranking v-sort output time: 00:00:00
  Invoking Larsson-Sadakane on ranks
  Invoking Larsson-Sadakane on ranks time: 00:00:00
  Sanity-checking and returning
Building samples
Reserving space for 12 sample suffixes
Generating random suffixes
QSorting 12 sample offsets, eliminating duplicates
QSorting sample offsets, eliminating duplicates time: 00:00:00
Multikey QSorting 12 samples
  (Using difference cover)
  Multikey QSorting samples time: 00:00:00
Calculating bucket sizes
  Binary sorting into buckets
  10%
  20%
  30%
  40%
  50%
  60%
  70%
  80%
  90%
  100%
  Binary sorting into buckets time: 00:00:01
Splitting and merging
  Splitting and merging time: 00:00:00
Split 1, merged 8; iterating...
  Binary sorting into buckets
  10%
  20%
  30%
  40%
  50%
  60%
  70%
  80%
  90%
  100%
  Binary sorting into buckets time: 00:00:00
Splitting and merging
  Splitting and merging time: 00:00:00
Split 1, merged 0; iterating...
  Binary sorting into buckets
  10%
  20%
  30%
  40%
  50%
  60%
  70%
  80%
  90%
  100%
  Binary sorting into buckets time: 00:00:00
Splitting and merging
  Splitting and merging time: 00:00:00
Split 1, merged 0; iterating...
  Binary sorting into buckets
  10%
  20%
  30%
  40%
  50%
  60%
  70%
  80%
  90%
  100%
  Binary sorting into buckets time: 00:00:01
Splitting and merging
  Splitting and merging time: 00:00:00
Split 1, merged 1; iterating...
  Binary sorting into buckets
  10%
  20%
  30%
  40%
  50%
  60%
  70%
  80%
  90%
  100%
  Binary sorting into buckets time: 00:00:00
Splitting and merging
  Splitting and merging time: 00:00:00
Avg bucket size: 1.53229e+06 (target: 2011132)
Converting suffix-array elements to index image
Allocating ftab, absorbFtab
Entering Ebwt loop
Getting block 1 of 7
  Reserving size (2011133) for bucket
  Calculating Z arrays
  Calculating Z arrays time: 00:00:00
  Entering block accumulator loop:
  10%
  20%
  30%
  40%
  50%
  60%
  70%
  80%
  90%
  100%
  Block accumulator loop time: 00:00:01
  Sorting block of length 1954770
  (Using difference cover)
  Sorting block time: 00:00:00
Returning block of 1954771
Getting block 2 of 7
  Reserving size (2011133) for bucket
  Calculating Z arrays
  Calculating Z arrays time: 00:00:00
  Entering block accumulator loop:
  10%
  20%
  30%
  40%
  50%
  60%
  70%
  80%
  90%
  100%
  Block accumulator loop time: 00:00:00
  Sorting block of length 1436298
  (Using difference cover)
  Sorting block time: 00:00:01
Returning block of 1436299
Getting block 3 of 7
  Reserving size (2011133) for bucket
  Calculating Z arrays
  Calculating Z arrays time: 00:00:00
  Entering block accumulator loop:
  10%
  20%
  30%
  40%
  50%
  60%
  70%
  80%
  90%
  100%
  Block accumulator loop time: 00:00:00
  Sorting block of length 595275
  (Using difference cover)
  Sorting block time: 00:00:00
Returning block of 595276
Getting block 4 of 7
  Reserving size (2011133) for bucket
  Calculating Z arrays
  Calculating Z arrays time: 00:00:00
  Entering block accumulator loop:
  10%
  20%
  30%
  40%
  50%
  60%
  70%
  80%
  90%
  100%
  Block accumulator loop time: 00:00:00
  Sorting block of length 1738830
  (Using difference cover)
  Sorting block time: 00:00:01
Returning block of 1738831
Getting block 5 of 7
  Reserving size (2011133) for bucket
  Calculating Z arrays
  Calculating Z arrays time: 00:00:00
  Entering block accumulator loop:
  10%
  20%
  30%
  40%
  50%
  60%
  70%
  80%
  90%
  100%
  Block accumulator loop time: 00:00:00
  Sorting block of length 1858065
  (Using difference cover)
  Sorting block time: 00:00:00
Returning block of 1858066
Getting block 6 of 7
  Reserving size (2011133) for bucket
  Calculating Z arrays
  Calculating Z arrays time: 00:00:00
  Entering block accumulator loop:
  10%
  20%
  30%
  40%
  50%
  60%
  70%
  80%
  90%
  100%
  Block accumulator loop time: 00:00:01
  Sorting block of length 1794892
  (Using difference cover)
  Sorting block time: 00:00:00
Returning block of 1794893
Getting block 7 of 7
  Reserving size (2011133) for bucket
  Calculating Z arrays
  Calculating Z arrays time: 00:00:00
  Entering block accumulator loop:
  10%
  20%
  30%
  40%
  50%
  60%
  70%
  80%
  90%
  100%
  Block accumulator loop time: 00:00:00
  Sorting block of length 1347904
  (Using difference cover)
  Sorting block time: 00:00:01
Returning block of 1347905
Exited Ebwt loop
fchr[A]: 0
fchr[C]: 2673428
fchr[G]: 5365845
fchr[T]: 8057703
fchr[$]: 10726040
Exiting Ebwt::buildToDisk()
Returning from initFromVector
Wrote 21651920 bytes to primary EBWT file: /home/bioinfo/ShaliniR/pipeline/out_dir/sample1/tmp/segment_juncs.1.bt2
Wrote 2681516 bytes to secondary EBWT file: /home/bioinfo/ShaliniR/pipeline/out_dir/sample1/tmp/segment_juncs.2.bt2
Re-opening _in1 and _in2 as input streams
Returning from Ebwt constructor
Headers:
    len: 10726040
    bwtLen: 10726041
    sz: 2681510
    bwtSz: 2681511
    lineRate: 6
    offRate: 4
    offMask: 0xfffffff0
    ftabChars: 10
    eftabLen: 20
    eftabSz: 80
    ftabLen: 1048577
    ftabSz: 4194308
    offsLen: 670378
    offsSz: 2681512
    lineSz: 64
    sideSz: 64
    sideBwtSz: 48
    sideBwtLen: 192
    numSides: 55865
    numLines: 55865
    ebwtTotLen: 3575360
    ebwtTotSz: 3575360
    color: 0
    reverse: 0
Total time for call to driver() for forward index: 00:00:08
Reading reference sizes
  Time reading reference sizes: 00:00:00
Calculating joined length
Writing header
Reserving space for joined string
Joining reference sequences
  Time to join reference sequences: 00:00:00
  Time to reverse reference sequence: 00:00:01
bmax according to bmaxDivN setting: 2681510
Using parameters --bmax 2011133 --dcv 1024
  Doing ahead-of-time memory usage test
  Passed!  Constructing with these parameters: --bmax 2011133 --dcv 1024
Constructing suffix-array element generator
Building DifferenceCoverSample
  Building sPrime
  Building sPrimeOrder
  V-Sorting samples
  V-Sorting samples time: 00:00:00
  Allocating rank array
  Ranking v-sort output
  Ranking v-sort output time: 00:00:00
  Invoking Larsson-Sadakane on ranks
  Invoking Larsson-Sadakane on ranks time: 00:00:00
  Sanity-checking and returning
Building samples
Reserving space for 12 sample suffixes
Generating random suffixes
QSorting 12 sample offsets, eliminating duplicates
QSorting sample offsets, eliminating duplicates time: 00:00:00
Multikey QSorting 12 samples
  (Using difference cover)
  Multikey QSorting samples time: 00:00:00
Calculating bucket sizes
  Binary sorting into buckets
  10%
  20%
  30%
  40%
  50%
  60%
  70%
  80%
  90%
  100%
  Binary sorting into buckets time: 00:00:00
Splitting and merging
  Splitting and merging time: 00:00:00
Split 1, merged 6; iterating...
  Binary sorting into buckets
  10%
  20%
  30%
  40%
  50%
  60%
  70%
  80%
  90%
  100%
  Binary sorting into buckets time: 00:00:01
Splitting and merging
  Splitting and merging time: 00:00:00
Avg bucket size: 1.34075e+06 (target: 2011132)
Converting suffix-array elements to index image
Allocating ftab, absorbFtab
Entering Ebwt loop
Getting block 1 of 8
  Reserving size (2011133) for bucket
  Calculating Z arrays
  Calculating Z arrays time: 00:00:00
  Entering block accumulator loop:
  10%
  20%
  30%
  40%
  50%
  60%
  70%
  80%
  90%
  100%
  Block accumulator loop time: 00:00:00
  Sorting block of length 1771406
  (Using difference cover)
  Sorting block time: 00:00:00
Returning block of 1771407
Getting block 2 of 8
  Reserving size (2011133) for bucket
  Calculating Z arrays
  Calculating Z arrays time: 00:00:00
  Entering block accumulator loop:
  10%
  20%
  30%
  40%
  50%
  60%
  70%
  80%
  90%
  100%
  Block accumulator loop time: 00:00:01
  Sorting block of length 672218
  (Using difference cover)
  Sorting block time: 00:00:00
Returning block of 672219
Getting block 3 of 8
  Reserving size (2011133) for bucket
  Calculating Z arrays
  Calculating Z arrays time: 00:00:00
  Entering block accumulator loop:
  10%
  20%
  30%
  40%
  50%
  60%
  70%
  80%
  90%
  100%
  Block accumulator loop time: 00:00:00
  Sorting block of length 2004243
  (Using difference cover)
  Sorting block time: 00:00:00
Returning block of 2004244
Getting block 4 of 8
  Reserving size (2011133) for bucket
  Calculating Z arrays
  Calculating Z arrays time: 00:00:00
  Entering block accumulator loop:
  10%
  20%
  30%
  40%
  50%
  60%
  70%
  80%
  90%
  100%
  Block accumulator loop time: 00:00:00
  Sorting block of length 1749608
  (Using difference cover)
  Sorting block time: 00:00:00
Returning block of 1749609
Getting block 5 of 8
  Reserving size (2011133) for bucket
  Calculating Z arrays
  Calculating Z arrays time: 00:00:00
  Entering block accumulator loop:
  10%
  20%
  30%
  40%
  50%
  60%
  70%
  80%
  90%
  100%
  Block accumulator loop time: 00:00:00
  Sorting block of length 1123368
  (Using difference cover)
  Sorting block time: 00:00:01
Returning block of 1123369
Getting block 6 of 8
  Reserving size (2011133) for bucket
  Calculating Z arrays
  Calculating Z arrays time: 00:00:00
  Entering block accumulator loop:
  10%
  20%
  30%
  40%
  50%
  60%
  70%
  80%
  90%
  100%
  Block accumulator loop time: 00:00:00
  Sorting block of length 1267434
  (Using difference cover)
  Sorting block time: 00:00:00
Returning block of 1267435
Getting block 7 of 8
  Reserving size (2011133) for bucket
  Calculating Z arrays
  Calculating Z arrays time: 00:00:00
  Entering block accumulator loop:
  10%
  20%
  30%
  40%
  50%
  60%
  70%
  80%
  90%
  100%
  Block accumulator loop time: 00:00:01
  Sorting block of length 1340717
  (Using difference cover)
  Sorting block time: 00:00:00
Returning block of 1340718
Getting block 8 of 8
  Reserving size (2011133) for bucket
  Calculating Z arrays
  Calculating Z arrays time: 00:00:00
  Entering block accumulator loop:
  10%
  20%
  30%
  40%
  50%
  60%
  70%
  80%
  90%
  100%
  Block accumulator loop time: 00:00:00
  Sorting block of length 797039
  (Using difference cover)
  Sorting block time: 00:00:00
Returning block of 797040
Exited Ebwt loop
fchr[A]: 0
fchr[C]: 2673428
fchr[G]: 5365845
fchr[T]: 8057703
fchr[$]: 10726040
Exiting Ebwt::buildToDisk()
Returning from initFromVector
Wrote 21651920 bytes to primary EBWT file: /home/bioinfo/ShaliniR/pipeline/out_dir/sample1/tmp/segment_juncs.rev.1.bt2
Wrote 2681516 bytes to secondary EBWT file: /home/bioinfo/ShaliniR/pipeline/out_dir/sample1/tmp/segment_juncs.rev.2.bt2
Re-opening _in1 and _in2 as input streams
Returning from Ebwt constructor
Headers:
    len: 10726040
    bwtLen: 10726041
    sz: 2681510
    bwtSz: 2681511
    lineRate: 6
    offRate: 4
    offMask: 0xfffffff0
    ftabChars: 10
    eftabLen: 20
    eftabSz: 80
    ftabLen: 1048577
    ftabSz: 4194308
    offsLen: 670378
    offsSz: 2681512
    lineSz: 64
    sideSz: 64
    sideBwtSz: 48
    sideBwtLen: 192
    numSides: 55865
    numLines: 55865
    ebwtTotLen: 3575360
    ebwtTotSz: 3575360
    color: 0
    reverse: 1
Total time for backward call to driver() for mirror index: 00:00:07
