
[2016-12-24 16:22:24] Beginning TopHat run (v2.1.0)
-----------------------------------------------
[2016-12-24 16:22:24] Checking for Bowtie
		  Bowtie version:	 2.2.5.0
[2016-12-24 16:22:24] Checking for Bowtie index files (genome)..
[2016-12-24 16:22:24] Checking for reference FASTA file
[2016-12-24 16:22:24] Generating SAM header for /data1/ngs/genomes/Homo_sapiens/UCSC/hg19/Sequence/Bowtie2Index/genome
[2016-12-24 16:22:58] Reading known junctions from GTF file
[2016-12-24 16:23:02] Preparing reads
	 left reads: min. length=101, max. length=101, 1897933 kept reads (2429 discarded)
[2016-12-24 16:23:45] Building transcriptome data files /home/bioinfo/ShaliniR/pipeline/out_dir/sample1/tmp/genes
[2016-12-24 16:24:20] Building Bowtie index from genes.fa
[2016-12-24 16:35:09] Mapping left_kept_reads to transcriptome genes with Bowtie2 
[2016-12-24 16:36:42] Resuming TopHat pipeline with unmapped reads
[2016-12-24 16:36:42] Mapping left_kept_reads.m2g_um to genome genome with Bowtie2 
[2016-12-24 16:40:37] Mapping left_kept_reads.m2g_um_seg1 to genome genome with Bowtie2 (1/4)
[2016-12-24 16:44:19] Mapping left_kept_reads.m2g_um_seg2 to genome genome with Bowtie2 (2/4)
[2016-12-24 16:47:48] Mapping left_kept_reads.m2g_um_seg3 to genome genome with Bowtie2 (3/4)
[2016-12-24 16:51:16] Mapping left_kept_reads.m2g_um_seg4 to genome genome with Bowtie2 (4/4)
[2016-12-24 16:57:25] Searching for junctions via segment mapping
[2016-12-24 17:00:59] Retrieving sequences for splices
[2016-12-24 17:03:22] Indexing splices
[2016-12-24 17:03:41] Mapping left_kept_reads.m2g_um_seg1 to genome segment_juncs with Bowtie2 (1/4)
[2016-12-24 17:04:21] Mapping left_kept_reads.m2g_um_seg2 to genome segment_juncs with Bowtie2 (2/4)
[2016-12-24 17:05:01] Mapping left_kept_reads.m2g_um_seg3 to genome segment_juncs with Bowtie2 (3/4)
[2016-12-24 17:05:39] Mapping left_kept_reads.m2g_um_seg4 to genome segment_juncs with Bowtie2 (4/4)
[2016-12-24 17:06:38] Joining segment hits
[2016-12-24 17:09:13] Reporting output tracks
-----------------------------------------------
[2016-12-24 17:12:12] A summary of the alignment counts can be found in /home/bioinfo/ShaliniR/pipeline/out_dir/sample1/align_summary.txt
[2016-12-24 17:12:12] Run complete: 00:49:48 elapsed
